{"/home/msosa/Documents/ESPE/Pruebas/P1/proyecto/src/app.js": {"path":"/home/msosa/Documents/ESPE/Pruebas/P1/proyecto/src/app.js","statementMap":{"0":{"start":{"line":1,"column":16},"end":{"line":1,"column":34}},"1":{"start":{"line":2,"column":13},"end":{"line":2,"column":33}},"2":{"start":{"line":3,"column":22},"end":{"line":3,"column":58}},"3":{"start":{"line":4,"column":27},"end":{"line":4,"column":66}},"4":{"start":{"line":5,"column":29},"end":{"line":5,"column":70}},"5":{"start":{"line":6,"column":23},"end":{"line":6,"column":58}},"6":{"start":{"line":8,"column":12},"end":{"line":8,"column":21}},"7":{"start":{"line":11,"column":0},"end":{"line":19,"column":3}},"8":{"start":{"line":12,"column":2},"end":{"line":12,"column":49}},"9":{"start":{"line":13,"column":2},"end":{"line":13,"column":80}},"10":{"start":{"line":14,"column":2},"end":{"line":14,"column":61}},"11":{"start":{"line":15,"column":2},"end":{"line":17,"column":3}},"12":{"start":{"line":16,"column":4},"end":{"line":16,"column":31}},"13":{"start":{"line":18,"column":2},"end":{"line":18,"column":9}},"14":{"start":{"line":22,"column":0},"end":{"line":22,"column":24}},"15":{"start":{"line":25,"column":0},"end":{"line":25,"column":59}},"16":{"start":{"line":28,"column":0},"end":{"line":28,"column":41}},"17":{"start":{"line":29,"column":0},"end":{"line":29,"column":49}},"18":{"start":{"line":30,"column":0},"end":{"line":30,"column":53}},"19":{"start":{"line":31,"column":0},"end":{"line":31,"column":41}},"20":{"start":{"line":34,"column":0},"end":{"line":178,"column":3}},"21":{"start":{"line":35,"column":19},"end":{"line":35,"column":48}},"22":{"start":{"line":36,"column":13},"end":{"line":36,"column":31}},"23":{"start":{"line":37,"column":24},"end":{"line":37,"column":32}},"24":{"start":{"line":39,"column":20},"end":{"line":70,"column":3}},"25":{"start":{"line":72,"column":24},"end":{"line":72,"column":26}},"26":{"start":{"line":74,"column":2},"end":{"line":177,"column":3}},"27":{"start":{"line":76,"column":4},"end":{"line":96,"column":5}},"28":{"start":{"line":77,"column":6},"end":{"line":95,"column":9}},"29":{"start":{"line":78,"column":27},"end":{"line":78,"column":45}},"30":{"start":{"line":79,"column":8},"end":{"line":94,"column":9}},"31":{"start":{"line":80,"column":10},"end":{"line":93,"column":11}},"32":{"start":{"line":81,"column":36},"end":{"line":81,"column":76}},"33":{"start":{"line":82,"column":36},"end":{"line":82,"column":96}},"34":{"start":{"line":84,"column":12},"end":{"line":90,"column":13}},"35":{"start":{"line":85,"column":14},"end":{"line":85,"column":65}},"36":{"start":{"line":86,"column":14},"end":{"line":89,"column":17}},"37":{"start":{"line":92,"column":12},"end":{"line":92,"column":76}},"38":{"start":{"line":99,"column":4},"end":{"line":162,"column":7}},"39":{"start":{"line":101,"column":6},"end":{"line":107,"column":9}},"40":{"start":{"line":102,"column":8},"end":{"line":106,"column":9}},"41":{"start":{"line":103,"column":10},"end":{"line":103,"column":43}},"42":{"start":{"line":105,"column":10},"end":{"line":105,"column":66}},"43":{"start":{"line":110,"column":21},"end":{"line":110,"column":36}},"44":{"start":{"line":111,"column":26},"end":{"line":111,"column":56}},"45":{"start":{"line":112,"column":26},"end":{"line":112,"column":56}},"46":{"start":{"line":113,"column":32},"end":{"line":113,"column":77}},"47":{"start":{"line":115,"column":21},"end":{"line":115,"column":70}},"48":{"start":{"line":116,"column":21},"end":{"line":116,"column":70}},"49":{"start":{"line":117,"column":20},"end":{"line":117,"column":35}},"50":{"start":{"line":118,"column":21},"end":{"line":118,"column":82}},"51":{"start":{"line":120,"column":21},"end":{"line":129,"column":7}},"52":{"start":{"line":132,"column":6},"end":{"line":159,"column":7}},"53":{"start":{"line":133,"column":24},"end":{"line":133,"column":65}},"54":{"start":{"line":134,"column":19},"end":{"line":134,"column":21}},"55":{"start":{"line":136,"column":8},"end":{"line":139,"column":9}},"56":{"start":{"line":137,"column":26},"end":{"line":137,"column":58}},"57":{"start":{"line":138,"column":10},"end":{"line":138,"column":37}},"58":{"start":{"line":141,"column":8},"end":{"line":149,"column":11}},"59":{"start":{"line":152,"column":8},"end":{"line":154,"column":9}},"60":{"start":{"line":153,"column":10},"end":{"line":153,"column":36}},"61":{"start":{"line":156,"column":8},"end":{"line":156,"column":65}},"62":{"start":{"line":158,"column":8},"end":{"line":158,"column":58}},"63":{"start":{"line":161,"column":6},"end":{"line":161,"column":23}},"64":{"start":{"line":165,"column":4},"end":{"line":171,"column":7}},"65":{"start":{"line":166,"column":6},"end":{"line":170,"column":7}},"66":{"start":{"line":167,"column":8},"end":{"line":167,"column":41}},"67":{"start":{"line":169,"column":8},"end":{"line":169,"column":64}},"68":{"start":{"line":173,"column":4},"end":{"line":176,"column":7}},"69":{"start":{"line":181,"column":0},"end":{"line":196,"column":3}},"70":{"start":{"line":182,"column":13},"end":{"line":182,"column":31}},"71":{"start":{"line":183,"column":18},"end":{"line":183,"column":59}},"72":{"start":{"line":185,"column":2},"end":{"line":195,"column":3}},"73":{"start":{"line":186,"column":4},"end":{"line":192,"column":5}},"74":{"start":{"line":187,"column":22},"end":{"line":187,"column":54}},"75":{"start":{"line":188,"column":19},"end":{"line":188,"column":38}},"76":{"start":{"line":189,"column":6},"end":{"line":189,"column":46}},"77":{"start":{"line":191,"column":6},"end":{"line":191,"column":44}},"78":{"start":{"line":194,"column":4},"end":{"line":194,"column":67}},"79":{"start":{"line":199,"column":0},"end":{"line":201,"column":3}},"80":{"start":{"line":200,"column":2},"end":{"line":200,"column":55}},"81":{"start":{"line":204,"column":0},"end":{"line":204,"column":21}}},"fnMap":{"0":{"name":"(anonymous_0)","decl":{"start":{"line":11,"column":8},"end":{"line":11,"column":9}},"loc":{"start":{"line":11,"column":28},"end":{"line":19,"column":1}},"line":11},"1":{"name":"(anonymous_1)","decl":{"start":{"line":34,"column":27},"end":{"line":34,"column":28}},"loc":{"start":{"line":34,"column":41},"end":{"line":178,"column":1}},"line":34},"2":{"name":"(anonymous_2)","decl":{"start":{"line":77,"column":24},"end":{"line":77,"column":25}},"loc":{"start":{"line":77,"column":35},"end":{"line":95,"column":7}},"line":77},"3":{"name":"(anonymous_3)","decl":{"start":{"line":99,"column":58},"end":{"line":99,"column":59}},"loc":{"start":{"line":99,"column":85},"end":{"line":162,"column":5}},"line":99},"4":{"name":"(anonymous_4)","decl":{"start":{"line":101,"column":28},"end":{"line":101,"column":29}},"loc":{"start":{"line":101,"column":52},"end":{"line":107,"column":7}},"line":101},"5":{"name":"(anonymous_5)","decl":{"start":{"line":165,"column":26},"end":{"line":165,"column":27}},"loc":{"start":{"line":165,"column":50},"end":{"line":171,"column":5}},"line":165},"6":{"name":"(anonymous_6)","decl":{"start":{"line":181,"column":26},"end":{"line":181,"column":27}},"loc":{"start":{"line":181,"column":40},"end":{"line":196,"column":1}},"line":181},"7":{"name":"(anonymous_7)","decl":{"start":{"line":199,"column":8},"end":{"line":199,"column":9}},"loc":{"start":{"line":199,"column":22},"end":{"line":201,"column":1}},"line":199}},"branchMap":{"0":{"loc":{"start":{"line":15,"column":2},"end":{"line":17,"column":3}},"type":"if","locations":[{"start":{"line":15,"column":2},"end":{"line":17,"column":3}},{"start":{},"end":{}}],"line":15},"1":{"loc":{"start":{"line":76,"column":4},"end":{"line":96,"column":5}},"type":"if","locations":[{"start":{"line":76,"column":4},"end":{"line":96,"column":5}},{"start":{},"end":{}}],"line":76},"2":{"loc":{"start":{"line":76,"column":8},"end":{"line":76,"column":69}},"type":"binary-expr","locations":[{"start":{"line":76,"column":8},"end":{"line":76,"column":17}},{"start":{"line":76,"column":21},"end":{"line":76,"column":45}},{"start":{"line":76,"column":49},"end":{"line":76,"column":69}}],"line":76},"3":{"loc":{"start":{"line":79,"column":8},"end":{"line":94,"column":9}},"type":"if","locations":[{"start":{"line":79,"column":8},"end":{"line":94,"column":9}},{"start":{},"end":{}}],"line":79},"4":{"loc":{"start":{"line":84,"column":12},"end":{"line":90,"column":13}},"type":"if","locations":[{"start":{"line":84,"column":12},"end":{"line":90,"column":13}},{"start":{},"end":{}}],"line":84},"5":{"loc":{"start":{"line":115,"column":21},"end":{"line":115,"column":70}},"type":"cond-expr","locations":[{"start":{"line":115,"column":35},"end":{"line":115,"column":66}},{"start":{"line":115,"column":69},"end":{"line":115,"column":70}}],"line":115},"6":{"loc":{"start":{"line":116,"column":21},"end":{"line":116,"column":70}},"type":"cond-expr","locations":[{"start":{"line":116,"column":35},"end":{"line":116,"column":66}},{"start":{"line":116,"column":69},"end":{"line":116,"column":70}}],"line":116},"7":{"loc":{"start":{"line":118,"column":21},"end":{"line":118,"column":82}},"type":"cond-expr","locations":[{"start":{"line":118,"column":41},"end":{"line":118,"column":78}},{"start":{"line":118,"column":81},"end":{"line":118,"column":82}}],"line":118},"8":{"loc":{"start":{"line":123,"column":20},"end":{"line":123,"column":42}},"type":"cond-expr","locations":[{"start":{"line":123,"column":32},"end":{"line":123,"column":37}},{"start":{"line":123,"column":40},"end":{"line":123,"column":42}}],"line":123},"9":{"loc":{"start":{"line":127,"column":16},"end":{"line":127,"column":46}},"type":"binary-expr","locations":[{"start":{"line":127,"column":16},"end":{"line":127,"column":22}},{"start":{"line":127,"column":26},"end":{"line":127,"column":46}}],"line":127},"10":{"loc":{"start":{"line":136,"column":8},"end":{"line":139,"column":9}},"type":"if","locations":[{"start":{"line":136,"column":8},"end":{"line":139,"column":9}},{"start":{},"end":{}}],"line":136},"11":{"loc":{"start":{"line":147,"column":23},"end":{"line":147,"column":38}},"type":"binary-expr","locations":[{"start":{"line":147,"column":23},"end":{"line":147,"column":32}},{"start":{"line":147,"column":36},"end":{"line":147,"column":38}}],"line":147},"12":{"loc":{"start":{"line":152,"column":8},"end":{"line":154,"column":9}},"type":"if","locations":[{"start":{"line":152,"column":8},"end":{"line":154,"column":9}},{"start":{},"end":{}}],"line":152},"13":{"loc":{"start":{"line":186,"column":4},"end":{"line":192,"column":5}},"type":"if","locations":[{"start":{"line":186,"column":4},"end":{"line":192,"column":5}},{"start":{"line":190,"column":11},"end":{"line":192,"column":5}}],"line":186}},"s":{"0":4,"1":4,"2":4,"3":4,"4":4,"5":4,"6":4,"7":4,"8":53,"9":53,"10":53,"11":53,"12":0,"13":53,"14":4,"15":4,"16":4,"17":4,"18":4,"19":4,"20":4,"21":0,"22":0,"23":0,"24":0,"25":0,"26":0,"27":0,"28":0,"29":0,"30":0,"31":0,"32":0,"33":0,"34":0,"35":0,"36":0,"37":0,"38":0,"39":0,"40":0,"41":0,"42":0,"43":0,"44":0,"45":0,"46":0,"47":0,"48":0,"49":0,"50":0,"51":0,"52":0,"53":0,"54":0,"55":0,"56":0,"57":0,"58":0,"59":0,"60":0,"61":0,"62":0,"63":0,"64":0,"65":0,"66":0,"67":0,"68":0,"69":4,"70":0,"71":0,"72":0,"73":0,"74":0,"75":0,"76":0,"77":0,"78":0,"79":4,"80":3,"81":4},"f":{"0":53,"1":0,"2":0,"3":0,"4":0,"5":0,"6":0,"7":3},"b":{"0":[0,53],"1":[0,0],"2":[0,0,0],"3":[0,0],"4":[0,0],"5":[0,0],"6":[0,0],"7":[0,0],"8":[0,0],"9":[0,0],"10":[0,0],"11":[0,0],"12":[0,0],"13":[0,0]},"_coverageSchema":"1a1c01bbd47fc00a2c39e90264f33305004495a9","hash":"a51e07abd6b5d8f83524e4b9cb001bbc41d46144"}
,"/home/msosa/Documents/ESPE/Pruebas/P1/proyecto/src/controllers/doctores.controller.js": {"path":"/home/msosa/Documents/ESPE/Pruebas/P1/proyecto/src/controllers/doctores.controller.js","statementMap":{"0":{"start":{"line":12,"column":16},"end":{"line":12,"column":18}},"1":{"start":{"line":16,"column":2},"end":{"line":16,"column":20}},"2":{"start":{"line":21,"column":69},"end":{"line":21,"column":77}},"3":{"start":{"line":24,"column":2},"end":{"line":28,"column":3}},"4":{"start":{"line":25,"column":4},"end":{"line":27,"column":7}},"5":{"start":{"line":31,"column":2},"end":{"line":35,"column":3}},"6":{"start":{"line":31,"column":24},"end":{"line":31,"column":57}},"7":{"start":{"line":32,"column":4},"end":{"line":34,"column":7}},"8":{"start":{"line":38,"column":20},"end":{"line":46,"column":3}},"9":{"start":{"line":49,"column":2},"end":{"line":49,"column":26}},"10":{"start":{"line":52,"column":2},"end":{"line":52,"column":34}},"11":{"start":{"line":57,"column":17},"end":{"line":57,"column":27}},"12":{"start":{"line":58,"column":69},"end":{"line":58,"column":77}},"13":{"start":{"line":60,"column":12},"end":{"line":60,"column":64}},"14":{"start":{"line":60,"column":35},"end":{"line":60,"column":63}},"15":{"start":{"line":61,"column":2},"end":{"line":63,"column":3}},"16":{"start":{"line":62,"column":4},"end":{"line":62,"column":65}},"17":{"start":{"line":66,"column":2},"end":{"line":72,"column":3}},"18":{"start":{"line":67,"column":4},"end":{"line":71,"column":5}},"19":{"start":{"line":67,"column":26},"end":{"line":67,"column":91}},"20":{"start":{"line":68,"column":6},"end":{"line":70,"column":9}},"21":{"start":{"line":75,"column":2},"end":{"line":75,"column":35}},"22":{"start":{"line":75,"column":12},"end":{"line":75,"column":35}},"23":{"start":{"line":76,"column":2},"end":{"line":76,"column":47}},"24":{"start":{"line":76,"column":16},"end":{"line":76,"column":47}},"25":{"start":{"line":77,"column":2},"end":{"line":77,"column":50}},"26":{"start":{"line":77,"column":17},"end":{"line":77,"column":50}},"27":{"start":{"line":78,"column":2},"end":{"line":78,"column":38}},"28":{"start":{"line":78,"column":13},"end":{"line":78,"column":38}},"29":{"start":{"line":79,"column":2},"end":{"line":79,"column":38}},"30":{"start":{"line":79,"column":13},"end":{"line":79,"column":38}},"31":{"start":{"line":80,"column":2},"end":{"line":80,"column":62}},"32":{"start":{"line":80,"column":21},"end":{"line":80,"column":62}},"33":{"start":{"line":82,"column":2},"end":{"line":82,"column":23}},"34":{"start":{"line":87,"column":17},"end":{"line":87,"column":27}},"35":{"start":{"line":89,"column":22},"end":{"line":89,"column":74}},"36":{"start":{"line":89,"column":45},"end":{"line":89,"column":73}},"37":{"start":{"line":90,"column":2},"end":{"line":92,"column":3}},"38":{"start":{"line":91,"column":4},"end":{"line":91,"column":65}},"39":{"start":{"line":94,"column":18},"end":{"line":94,"column":48}},"40":{"start":{"line":95,"column":2},"end":{"line":95,"column":23}},"41":{"start":{"line":98,"column":0},"end":{"line":98,"column":77}}},"fnMap":{"0":{"name":"getAllDoctors","decl":{"start":{"line":15,"column":9},"end":{"line":15,"column":22}},"loc":{"start":{"line":15,"column":33},"end":{"line":17,"column":1}},"line":15},"1":{"name":"addNewDoctor","decl":{"start":{"line":20,"column":9},"end":{"line":20,"column":21}},"loc":{"start":{"line":20,"column":32},"end":{"line":53,"column":1}},"line":20},"2":{"name":"(anonymous_2)","decl":{"start":{"line":31,"column":19},"end":{"line":31,"column":20}},"loc":{"start":{"line":31,"column":24},"end":{"line":31,"column":57}},"line":31},"3":{"name":"updateDoctor","decl":{"start":{"line":56,"column":9},"end":{"line":56,"column":21}},"loc":{"start":{"line":56,"column":32},"end":{"line":83,"column":1}},"line":56},"4":{"name":"(anonymous_4)","decl":{"start":{"line":60,"column":30},"end":{"line":60,"column":31}},"loc":{"start":{"line":60,"column":35},"end":{"line":60,"column":63}},"line":60},"5":{"name":"(anonymous_5)","decl":{"start":{"line":67,"column":21},"end":{"line":67,"column":22}},"loc":{"start":{"line":67,"column":26},"end":{"line":67,"column":91}},"line":67},"6":{"name":"deleteDoctor","decl":{"start":{"line":86,"column":9},"end":{"line":86,"column":21}},"loc":{"start":{"line":86,"column":32},"end":{"line":96,"column":1}},"line":86},"7":{"name":"(anonymous_7)","decl":{"start":{"line":89,"column":40},"end":{"line":89,"column":41}},"loc":{"start":{"line":89,"column":45},"end":{"line":89,"column":73}},"line":89}},"branchMap":{"0":{"loc":{"start":{"line":24,"column":2},"end":{"line":28,"column":3}},"type":"if","locations":[{"start":{"line":24,"column":2},"end":{"line":28,"column":3}},{"start":{},"end":{}}],"line":24},"1":{"loc":{"start":{"line":24,"column":6},"end":{"line":24,"column":76}},"type":"binary-expr","locations":[{"start":{"line":24,"column":6},"end":{"line":24,"column":11}},{"start":{"line":24,"column":15},"end":{"line":24,"column":24}},{"start":{"line":24,"column":28},"end":{"line":24,"column":38}},{"start":{"line":24,"column":42},"end":{"line":24,"column":48}},{"start":{"line":24,"column":52},"end":{"line":24,"column":58}},{"start":{"line":24,"column":62},"end":{"line":24,"column":76}}],"line":24},"2":{"loc":{"start":{"line":31,"column":2},"end":{"line":35,"column":3}},"type":"if","locations":[{"start":{"line":31,"column":2},"end":{"line":35,"column":3}},{"start":{},"end":{}}],"line":31},"3":{"loc":{"start":{"line":61,"column":2},"end":{"line":63,"column":3}},"type":"if","locations":[{"start":{"line":61,"column":2},"end":{"line":63,"column":3}},{"start":{},"end":{}}],"line":61},"4":{"loc":{"start":{"line":66,"column":2},"end":{"line":72,"column":3}},"type":"if","locations":[{"start":{"line":66,"column":2},"end":{"line":72,"column":3}},{"start":{},"end":{}}],"line":66},"5":{"loc":{"start":{"line":66,"column":6},"end":{"line":66,"column":65}},"type":"binary-expr","locations":[{"start":{"line":66,"column":6},"end":{"line":66,"column":19}},{"start":{"line":66,"column":23},"end":{"line":66,"column":65}}],"line":66},"6":{"loc":{"start":{"line":67,"column":4},"end":{"line":71,"column":5}},"type":"if","locations":[{"start":{"line":67,"column":4},"end":{"line":71,"column":5}},{"start":{},"end":{}}],"line":67},"7":{"loc":{"start":{"line":67,"column":26},"end":{"line":67,"column":91}},"type":"binary-expr","locations":[{"start":{"line":67,"column":26},"end":{"line":67,"column":59}},{"start":{"line":67,"column":63},"end":{"line":67,"column":91}}],"line":67},"8":{"loc":{"start":{"line":75,"column":2},"end":{"line":75,"column":35}},"type":"if","locations":[{"start":{"line":75,"column":2},"end":{"line":75,"column":35}},{"start":{},"end":{}}],"line":75},"9":{"loc":{"start":{"line":76,"column":2},"end":{"line":76,"column":47}},"type":"if","locations":[{"start":{"line":76,"column":2},"end":{"line":76,"column":47}},{"start":{},"end":{}}],"line":76},"10":{"loc":{"start":{"line":77,"column":2},"end":{"line":77,"column":50}},"type":"if","locations":[{"start":{"line":77,"column":2},"end":{"line":77,"column":50}},{"start":{},"end":{}}],"line":77},"11":{"loc":{"start":{"line":78,"column":2},"end":{"line":78,"column":38}},"type":"if","locations":[{"start":{"line":78,"column":2},"end":{"line":78,"column":38}},{"start":{},"end":{}}],"line":78},"12":{"loc":{"start":{"line":79,"column":2},"end":{"line":79,"column":38}},"type":"if","locations":[{"start":{"line":79,"column":2},"end":{"line":79,"column":38}},{"start":{},"end":{}}],"line":79},"13":{"loc":{"start":{"line":80,"column":2},"end":{"line":80,"column":62}},"type":"if","locations":[{"start":{"line":80,"column":2},"end":{"line":80,"column":62}},{"start":{},"end":{}}],"line":80},"14":{"loc":{"start":{"line":90,"column":2},"end":{"line":92,"column":3}},"type":"if","locations":[{"start":{"line":90,"column":2},"end":{"line":92,"column":3}},{"start":{},"end":{}}],"line":90}},"s":{"0":4,"1":2,"2":6,"3":6,"4":1,"5":5,"6":7,"7":1,"8":4,"9":4,"10":4,"11":4,"12":4,"13":4,"14":12,"15":4,"16":1,"17":3,"18":1,"19":2,"20":1,"21":2,"22":1,"23":2,"24":0,"25":2,"26":1,"27":2,"28":1,"29":2,"30":0,"31":2,"32":1,"33":2,"34":2,"35":2,"36":4,"37":2,"38":1,"39":1,"40":1,"41":4},"f":{"0":2,"1":6,"2":7,"3":4,"4":12,"5":2,"6":2,"7":4},"b":{"0":[1,5],"1":[6,6,6,5,5,5],"2":[1,4],"3":[1,3],"4":[1,2],"5":[3,2],"6":[1,0],"7":[2,1],"8":[1,1],"9":[0,2],"10":[1,1],"11":[1,1],"12":[0,2],"13":[1,1],"14":[1,1]},"_coverageSchema":"1a1c01bbd47fc00a2c39e90264f33305004495a9","hash":"a58b80aca54253cc82f37feb966299818fcf06f8"}
,"/home/msosa/Documents/ESPE/Pruebas/P1/proyecto/src/controllers/especialidades.controller.js": {"path":"/home/msosa/Documents/ESPE/Pruebas/P1/proyecto/src/controllers/especialidades.controller.js","statementMap":{"0":{"start":{"line":3,"column":23},"end":{"line":3,"column":25}},"1":{"start":{"line":7,"column":2},"end":{"line":7,"column":27}},"2":{"start":{"line":12,"column":19},"end":{"line":12,"column":27}},"3":{"start":{"line":15,"column":2},"end":{"line":17,"column":3}},"4":{"start":{"line":16,"column":4},"end":{"line":16,"column":75}},"5":{"start":{"line":20,"column":2},"end":{"line":22,"column":3}},"6":{"start":{"line":20,"column":31},"end":{"line":20,"column":74}},"7":{"start":{"line":21,"column":4},"end":{"line":21,"column":73}},"8":{"start":{"line":25,"column":23},"end":{"line":28,"column":3}},"9":{"start":{"line":31,"column":2},"end":{"line":31,"column":36}},"10":{"start":{"line":34,"column":2},"end":{"line":34,"column":37}},"11":{"start":{"line":39,"column":17},"end":{"line":39,"column":27}},"12":{"start":{"line":40,"column":19},"end":{"line":40,"column":27}},"13":{"start":{"line":42,"column":12},"end":{"line":42,"column":71}},"14":{"start":{"line":42,"column":42},"end":{"line":42,"column":70}},"15":{"start":{"line":43,"column":2},"end":{"line":45,"column":3}},"16":{"start":{"line":44,"column":4},"end":{"line":44,"column":68}},"17":{"start":{"line":47,"column":2},"end":{"line":49,"column":3}},"18":{"start":{"line":48,"column":4},"end":{"line":48,"column":85}},"19":{"start":{"line":51,"column":2},"end":{"line":51,"column":32}},"20":{"start":{"line":52,"column":2},"end":{"line":52,"column":30}},"21":{"start":{"line":57,"column":17},"end":{"line":57,"column":27}},"22":{"start":{"line":59,"column":25},"end":{"line":59,"column":84}},"23":{"start":{"line":59,"column":55},"end":{"line":59,"column":83}},"24":{"start":{"line":60,"column":2},"end":{"line":62,"column":3}},"25":{"start":{"line":61,"column":4},"end":{"line":61,"column":68}},"26":{"start":{"line":64,"column":18},"end":{"line":64,"column":58}},"27":{"start":{"line":65,"column":2},"end":{"line":65,"column":23}},"28":{"start":{"line":68,"column":0},"end":{"line":68,"column":90}}},"fnMap":{"0":{"name":"getAllSpecialties","decl":{"start":{"line":6,"column":9},"end":{"line":6,"column":26}},"loc":{"start":{"line":6,"column":37},"end":{"line":8,"column":1}},"line":6},"1":{"name":"addnewSpecialty","decl":{"start":{"line":11,"column":9},"end":{"line":11,"column":24}},"loc":{"start":{"line":11,"column":35},"end":{"line":35,"column":1}},"line":11},"2":{"name":"(anonymous_2)","decl":{"start":{"line":20,"column":26},"end":{"line":20,"column":27}},"loc":{"start":{"line":20,"column":31},"end":{"line":20,"column":74}},"line":20},"3":{"name":"updateSpecialty","decl":{"start":{"line":38,"column":9},"end":{"line":38,"column":24}},"loc":{"start":{"line":38,"column":35},"end":{"line":53,"column":1}},"line":38},"4":{"name":"(anonymous_4)","decl":{"start":{"line":42,"column":37},"end":{"line":42,"column":38}},"loc":{"start":{"line":42,"column":42},"end":{"line":42,"column":70}},"line":42},"5":{"name":"deleteSpecialty","decl":{"start":{"line":56,"column":9},"end":{"line":56,"column":24}},"loc":{"start":{"line":56,"column":35},"end":{"line":66,"column":1}},"line":56},"6":{"name":"(anonymous_6)","decl":{"start":{"line":59,"column":50},"end":{"line":59,"column":51}},"loc":{"start":{"line":59,"column":55},"end":{"line":59,"column":83}},"line":59}},"branchMap":{"0":{"loc":{"start":{"line":15,"column":2},"end":{"line":17,"column":3}},"type":"if","locations":[{"start":{"line":15,"column":2},"end":{"line":17,"column":3}},{"start":{},"end":{}}],"line":15},"1":{"loc":{"start":{"line":20,"column":2},"end":{"line":22,"column":3}},"type":"if","locations":[{"start":{"line":20,"column":2},"end":{"line":22,"column":3}},{"start":{},"end":{}}],"line":20},"2":{"loc":{"start":{"line":43,"column":2},"end":{"line":45,"column":3}},"type":"if","locations":[{"start":{"line":43,"column":2},"end":{"line":45,"column":3}},{"start":{},"end":{}}],"line":43},"3":{"loc":{"start":{"line":47,"column":2},"end":{"line":49,"column":3}},"type":"if","locations":[{"start":{"line":47,"column":2},"end":{"line":49,"column":3}},{"start":{},"end":{}}],"line":47},"4":{"loc":{"start":{"line":60,"column":2},"end":{"line":62,"column":3}},"type":"if","locations":[{"start":{"line":60,"column":2},"end":{"line":62,"column":3}},{"start":{},"end":{}}],"line":60}},"s":{"0":4,"1":2,"2":6,"3":6,"4":1,"5":5,"6":8,"7":1,"8":4,"9":4,"10":4,"11":2,"12":2,"13":2,"14":6,"15":2,"16":1,"17":1,"18":0,"19":1,"20":1,"21":2,"22":2,"23":7,"24":2,"25":1,"26":1,"27":1,"28":4},"f":{"0":2,"1":6,"2":8,"3":2,"4":6,"5":2,"6":7},"b":{"0":[1,5],"1":[1,4],"2":[1,1],"3":[0,1],"4":[1,1]},"_coverageSchema":"1a1c01bbd47fc00a2c39e90264f33305004495a9","hash":"2c3e35e2805f781a1b14ea20dfc5eb25b166af6f"}
,"/home/msosa/Documents/ESPE/Pruebas/P1/proyecto/src/controllers/medicamentos.controller.js": {"path":"/home/msosa/Documents/ESPE/Pruebas/P1/proyecto/src/controllers/medicamentos.controller.js","statementMap":{"0":{"start":{"line":10,"column":21},"end":{"line":10,"column":23}},"1":{"start":{"line":14,"column":2},"end":{"line":14,"column":25}},"2":{"start":{"line":19,"column":71},"end":{"line":19,"column":79}},"3":{"start":{"line":22,"column":2},"end":{"line":24,"column":3}},"4":{"start":{"line":23,"column":4},"end":{"line":23,"column":121}},"5":{"start":{"line":27,"column":25},"end":{"line":35,"column":3}},"6":{"start":{"line":38,"column":2},"end":{"line":38,"column":36}},"7":{"start":{"line":41,"column":2},"end":{"line":41,"column":39}},"8":{"start":{"line":46,"column":17},"end":{"line":46,"column":27}},"9":{"start":{"line":47,"column":71},"end":{"line":47,"column":79}},"10":{"start":{"line":49,"column":12},"end":{"line":49,"column":69}},"11":{"start":{"line":49,"column":40},"end":{"line":49,"column":68}},"12":{"start":{"line":50,"column":2},"end":{"line":50,"column":82}},"13":{"start":{"line":50,"column":16},"end":{"line":50,"column":82}},"14":{"start":{"line":53,"column":2},"end":{"line":53,"column":40}},"15":{"start":{"line":53,"column":12},"end":{"line":53,"column":40}},"16":{"start":{"line":54,"column":2},"end":{"line":54,"column":61}},"17":{"start":{"line":54,"column":19},"end":{"line":54,"column":61}},"18":{"start":{"line":55,"column":2},"end":{"line":55,"column":43}},"19":{"start":{"line":55,"column":13},"end":{"line":55,"column":43}},"20":{"start":{"line":56,"column":2},"end":{"line":56,"column":52}},"21":{"start":{"line":56,"column":16},"end":{"line":56,"column":52}},"22":{"start":{"line":57,"column":2},"end":{"line":57,"column":52}},"23":{"start":{"line":57,"column":16},"end":{"line":57,"column":52}},"24":{"start":{"line":58,"column":2},"end":{"line":58,"column":58}},"25":{"start":{"line":58,"column":18},"end":{"line":58,"column":58}},"26":{"start":{"line":60,"column":2},"end":{"line":60,"column":28}},"27":{"start":{"line":65,"column":17},"end":{"line":65,"column":27}},"28":{"start":{"line":67,"column":27},"end":{"line":67,"column":84}},"29":{"start":{"line":67,"column":55},"end":{"line":67,"column":83}},"30":{"start":{"line":68,"column":2},"end":{"line":68,"column":97}},"31":{"start":{"line":68,"column":31},"end":{"line":68,"column":97}},"32":{"start":{"line":70,"column":18},"end":{"line":70,"column":58}},"33":{"start":{"line":72,"column":2},"end":{"line":72,"column":23}},"34":{"start":{"line":75,"column":0},"end":{"line":75,"column":97}}},"fnMap":{"0":{"name":"getAllMedicamentos","decl":{"start":{"line":13,"column":9},"end":{"line":13,"column":27}},"loc":{"start":{"line":13,"column":38},"end":{"line":15,"column":1}},"line":13},"1":{"name":"addNewMedicamento","decl":{"start":{"line":18,"column":9},"end":{"line":18,"column":26}},"loc":{"start":{"line":18,"column":37},"end":{"line":42,"column":1}},"line":18},"2":{"name":"updateMedicamento","decl":{"start":{"line":45,"column":9},"end":{"line":45,"column":26}},"loc":{"start":{"line":45,"column":37},"end":{"line":61,"column":1}},"line":45},"3":{"name":"(anonymous_3)","decl":{"start":{"line":49,"column":35},"end":{"line":49,"column":36}},"loc":{"start":{"line":49,"column":40},"end":{"line":49,"column":68}},"line":49},"4":{"name":"deleteMedicamento","decl":{"start":{"line":64,"column":9},"end":{"line":64,"column":26}},"loc":{"start":{"line":64,"column":37},"end":{"line":73,"column":1}},"line":64},"5":{"name":"(anonymous_5)","decl":{"start":{"line":67,"column":50},"end":{"line":67,"column":51}},"loc":{"start":{"line":67,"column":55},"end":{"line":67,"column":83}},"line":67}},"branchMap":{"0":{"loc":{"start":{"line":22,"column":2},"end":{"line":24,"column":3}},"type":"if","locations":[{"start":{"line":22,"column":2},"end":{"line":24,"column":3}},{"start":{},"end":{}}],"line":22},"1":{"loc":{"start":{"line":22,"column":6},"end":{"line":22,"column":78}},"type":"binary-expr","locations":[{"start":{"line":22,"column":6},"end":{"line":22,"column":11}},{"start":{"line":22,"column":15},"end":{"line":22,"column":27}},{"start":{"line":22,"column":31},"end":{"line":22,"column":37}},{"start":{"line":22,"column":41},"end":{"line":22,"column":50}},{"start":{"line":22,"column":54},"end":{"line":22,"column":63}},{"start":{"line":22,"column":67},"end":{"line":22,"column":78}}],"line":22},"2":{"loc":{"start":{"line":50,"column":2},"end":{"line":50,"column":82}},"type":"if","locations":[{"start":{"line":50,"column":2},"end":{"line":50,"column":82}},{"start":{},"end":{}}],"line":50},"3":{"loc":{"start":{"line":53,"column":2},"end":{"line":53,"column":40}},"type":"if","locations":[{"start":{"line":53,"column":2},"end":{"line":53,"column":40}},{"start":{},"end":{}}],"line":53},"4":{"loc":{"start":{"line":54,"column":2},"end":{"line":54,"column":61}},"type":"if","locations":[{"start":{"line":54,"column":2},"end":{"line":54,"column":61}},{"start":{},"end":{}}],"line":54},"5":{"loc":{"start":{"line":55,"column":2},"end":{"line":55,"column":43}},"type":"if","locations":[{"start":{"line":55,"column":2},"end":{"line":55,"column":43}},{"start":{},"end":{}}],"line":55},"6":{"loc":{"start":{"line":56,"column":2},"end":{"line":56,"column":52}},"type":"if","locations":[{"start":{"line":56,"column":2},"end":{"line":56,"column":52}},{"start":{},"end":{}}],"line":56},"7":{"loc":{"start":{"line":57,"column":2},"end":{"line":57,"column":52}},"type":"if","locations":[{"start":{"line":57,"column":2},"end":{"line":57,"column":52}},{"start":{},"end":{}}],"line":57},"8":{"loc":{"start":{"line":58,"column":2},"end":{"line":58,"column":58}},"type":"if","locations":[{"start":{"line":58,"column":2},"end":{"line":58,"column":58}},{"start":{},"end":{}}],"line":58},"9":{"loc":{"start":{"line":68,"column":2},"end":{"line":68,"column":97}},"type":"if","locations":[{"start":{"line":68,"column":2},"end":{"line":68,"column":97}},{"start":{},"end":{}}],"line":68}},"s":{"0":4,"1":2,"2":5,"3":5,"4":1,"5":4,"6":4,"7":4,"8":3,"9":3,"10":3,"11":8,"12":3,"13":1,"14":2,"15":1,"16":2,"17":1,"18":2,"19":1,"20":2,"21":1,"22":2,"23":0,"24":2,"25":0,"26":2,"27":2,"28":2,"29":7,"30":2,"31":1,"32":1,"33":1,"34":4},"f":{"0":2,"1":5,"2":3,"3":8,"4":2,"5":7},"b":{"0":[1,4],"1":[5,5,4,4,4,4],"2":[1,2],"3":[1,1],"4":[1,1],"5":[1,1],"6":[1,1],"7":[0,2],"8":[0,2],"9":[1,1]},"_coverageSchema":"1a1c01bbd47fc00a2c39e90264f33305004495a9","hash":"732b8af9b54f399e1842770955539aa9363635b1"}
,"/home/msosa/Documents/ESPE/Pruebas/P1/proyecto/src/controllers/pacientes.controller.js": {"path":"/home/msosa/Documents/ESPE/Pruebas/P1/proyecto/src/controllers/pacientes.controller.js","statementMap":{"0":{"start":{"line":10,"column":18},"end":{"line":10,"column":20}},"1":{"start":{"line":14,"column":2},"end":{"line":14,"column":22}},"2":{"start":{"line":19,"column":53},"end":{"line":19,"column":61}},"3":{"start":{"line":22,"column":2},"end":{"line":24,"column":3}},"4":{"start":{"line":23,"column":4},"end":{"line":23,"column":104}},"5":{"start":{"line":27,"column":21},"end":{"line":34,"column":3}},"6":{"start":{"line":37,"column":2},"end":{"line":37,"column":29}},"7":{"start":{"line":40,"column":2},"end":{"line":40,"column":35}},"8":{"start":{"line":45,"column":17},"end":{"line":45,"column":27}},"9":{"start":{"line":46,"column":53},"end":{"line":46,"column":61}},"10":{"start":{"line":48,"column":12},"end":{"line":48,"column":66}},"11":{"start":{"line":48,"column":37},"end":{"line":48,"column":65}},"12":{"start":{"line":49,"column":2},"end":{"line":49,"column":78}},"13":{"start":{"line":49,"column":16},"end":{"line":49,"column":78}},"14":{"start":{"line":52,"column":2},"end":{"line":52,"column":37}},"15":{"start":{"line":52,"column":12},"end":{"line":52,"column":37}},"16":{"start":{"line":53,"column":2},"end":{"line":53,"column":49}},"17":{"start":{"line":53,"column":16},"end":{"line":53,"column":49}},"18":{"start":{"line":54,"column":2},"end":{"line":54,"column":40}},"19":{"start":{"line":54,"column":13},"end":{"line":54,"column":40}},"20":{"start":{"line":55,"column":2},"end":{"line":55,"column":43}},"21":{"start":{"line":55,"column":14},"end":{"line":55,"column":43}},"22":{"start":{"line":56,"column":2},"end":{"line":56,"column":46}},"23":{"start":{"line":56,"column":15},"end":{"line":56,"column":46}},"24":{"start":{"line":58,"column":2},"end":{"line":58,"column":25}},"25":{"start":{"line":63,"column":17},"end":{"line":63,"column":27}},"26":{"start":{"line":65,"column":23},"end":{"line":65,"column":77}},"27":{"start":{"line":65,"column":48},"end":{"line":65,"column":76}},"28":{"start":{"line":66,"column":2},"end":{"line":66,"column":89}},"29":{"start":{"line":66,"column":27},"end":{"line":66,"column":89}},"30":{"start":{"line":68,"column":18},"end":{"line":68,"column":51}},"31":{"start":{"line":70,"column":2},"end":{"line":70,"column":23}},"32":{"start":{"line":73,"column":0},"end":{"line":73,"column":81}}},"fnMap":{"0":{"name":"getAllPatients","decl":{"start":{"line":13,"column":9},"end":{"line":13,"column":23}},"loc":{"start":{"line":13,"column":34},"end":{"line":15,"column":1}},"line":13},"1":{"name":"addnewPatient","decl":{"start":{"line":18,"column":9},"end":{"line":18,"column":22}},"loc":{"start":{"line":18,"column":33},"end":{"line":41,"column":1}},"line":18},"2":{"name":"updatePatient","decl":{"start":{"line":44,"column":9},"end":{"line":44,"column":22}},"loc":{"start":{"line":44,"column":33},"end":{"line":59,"column":1}},"line":44},"3":{"name":"(anonymous_3)","decl":{"start":{"line":48,"column":32},"end":{"line":48,"column":33}},"loc":{"start":{"line":48,"column":37},"end":{"line":48,"column":65}},"line":48},"4":{"name":"deletePatient","decl":{"start":{"line":62,"column":9},"end":{"line":62,"column":22}},"loc":{"start":{"line":62,"column":33},"end":{"line":71,"column":1}},"line":62},"5":{"name":"(anonymous_5)","decl":{"start":{"line":65,"column":43},"end":{"line":65,"column":44}},"loc":{"start":{"line":65,"column":48},"end":{"line":65,"column":76}},"line":65}},"branchMap":{"0":{"loc":{"start":{"line":22,"column":2},"end":{"line":24,"column":3}},"type":"if","locations":[{"start":{"line":22,"column":2},"end":{"line":24,"column":3}},{"start":{},"end":{}}],"line":22},"1":{"loc":{"start":{"line":22,"column":6},"end":{"line":22,"column":57}},"type":"binary-expr","locations":[{"start":{"line":22,"column":6},"end":{"line":22,"column":11}},{"start":{"line":22,"column":15},"end":{"line":22,"column":24}},{"start":{"line":22,"column":28},"end":{"line":22,"column":34}},{"start":{"line":22,"column":38},"end":{"line":22,"column":45}},{"start":{"line":22,"column":49},"end":{"line":22,"column":57}}],"line":22},"2":{"loc":{"start":{"line":49,"column":2},"end":{"line":49,"column":78}},"type":"if","locations":[{"start":{"line":49,"column":2},"end":{"line":49,"column":78}},{"start":{},"end":{}}],"line":49},"3":{"loc":{"start":{"line":52,"column":2},"end":{"line":52,"column":37}},"type":"if","locations":[{"start":{"line":52,"column":2},"end":{"line":52,"column":37}},{"start":{},"end":{}}],"line":52},"4":{"loc":{"start":{"line":53,"column":2},"end":{"line":53,"column":49}},"type":"if","locations":[{"start":{"line":53,"column":2},"end":{"line":53,"column":49}},{"start":{},"end":{}}],"line":53},"5":{"loc":{"start":{"line":54,"column":2},"end":{"line":54,"column":40}},"type":"if","locations":[{"start":{"line":54,"column":2},"end":{"line":54,"column":40}},{"start":{},"end":{}}],"line":54},"6":{"loc":{"start":{"line":55,"column":2},"end":{"line":55,"column":43}},"type":"if","locations":[{"start":{"line":55,"column":2},"end":{"line":55,"column":43}},{"start":{},"end":{}}],"line":55},"7":{"loc":{"start":{"line":56,"column":2},"end":{"line":56,"column":46}},"type":"if","locations":[{"start":{"line":56,"column":2},"end":{"line":56,"column":46}},{"start":{},"end":{}}],"line":56},"8":{"loc":{"start":{"line":66,"column":2},"end":{"line":66,"column":89}},"type":"if","locations":[{"start":{"line":66,"column":2},"end":{"line":66,"column":89}},{"start":{},"end":{}}],"line":66}},"s":{"0":4,"1":2,"2":5,"3":5,"4":1,"5":4,"6":4,"7":4,"8":3,"9":3,"10":3,"11":8,"12":3,"13":1,"14":2,"15":1,"16":2,"17":1,"18":2,"19":1,"20":2,"21":0,"22":2,"23":1,"24":2,"25":2,"26":2,"27":7,"28":2,"29":1,"30":1,"31":1,"32":4},"f":{"0":2,"1":5,"2":3,"3":8,"4":2,"5":7},"b":{"0":[1,4],"1":[5,5,4,4,4],"2":[1,2],"3":[1,1],"4":[1,1],"5":[1,1],"6":[0,2],"7":[1,1],"8":[1,1]},"_coverageSchema":"1a1c01bbd47fc00a2c39e90264f33305004495a9","hash":"1439a08c7e80ff93cf8acf7da1ae77c07f7586f1"}
,"/home/msosa/Documents/ESPE/Pruebas/P1/proyecto/src/routes/doctores.routes.js": {"path":"/home/msosa/Documents/ESPE/Pruebas/P1/proyecto/src/routes/doctores.routes.js","statementMap":{"0":{"start":{"line":1,"column":16},"end":{"line":1,"column":34}},"1":{"start":{"line":2,"column":68},"end":{"line":2,"column":113}},"2":{"start":{"line":4,"column":15},"end":{"line":4,"column":31}},"3":{"start":{"line":7,"column":0},"end":{"line":7,"column":31}},"4":{"start":{"line":10,"column":0},"end":{"line":10,"column":31}},"5":{"start":{"line":13,"column":0},"end":{"line":13,"column":33}},"6":{"start":{"line":16,"column":0},"end":{"line":16,"column":36}},"7":{"start":{"line":18,"column":0},"end":{"line":18,"column":24}}},"fnMap":{},"branchMap":{},"s":{"0":4,"1":4,"2":4,"3":4,"4":4,"5":4,"6":4,"7":4},"f":{},"b":{},"_coverageSchema":"1a1c01bbd47fc00a2c39e90264f33305004495a9","hash":"b45f0df542678b5c54ae3307e2e2ea460ff1207a"}
,"/home/msosa/Documents/ESPE/Pruebas/P1/proyecto/src/routes/especialidades.routes.js": {"path":"/home/msosa/Documents/ESPE/Pruebas/P1/proyecto/src/routes/especialidades.routes.js","statementMap":{"0":{"start":{"line":1,"column":16},"end":{"line":1,"column":34}},"1":{"start":{"line":3,"column":79},"end":{"line":3,"column":130}},"2":{"start":{"line":5,"column":15},"end":{"line":5,"column":31}},"3":{"start":{"line":12,"column":0},"end":{"line":12,"column":35}},"4":{"start":{"line":15,"column":0},"end":{"line":15,"column":34}},"5":{"start":{"line":18,"column":0},"end":{"line":18,"column":36}},"6":{"start":{"line":21,"column":0},"end":{"line":21,"column":39}},"7":{"start":{"line":23,"column":0},"end":{"line":23,"column":24}}},"fnMap":{},"branchMap":{},"s":{"0":4,"1":4,"2":4,"3":4,"4":4,"5":4,"6":4,"7":4},"f":{},"b":{},"_coverageSchema":"1a1c01bbd47fc00a2c39e90264f33305004495a9","hash":"7219745fd180cd3ea5ce3b0d973555a0cdfb8050"}
,"/home/msosa/Documents/ESPE/Pruebas/P1/proyecto/src/routes/medicamentos.routes.js": {"path":"/home/msosa/Documents/ESPE/Pruebas/P1/proyecto/src/routes/medicamentos.routes.js","statementMap":{"0":{"start":{"line":1,"column":16},"end":{"line":1,"column":34}},"1":{"start":{"line":2,"column":88},"end":{"line":2,"column":137}},"2":{"start":{"line":4,"column":15},"end":{"line":4,"column":31}},"3":{"start":{"line":7,"column":0},"end":{"line":7,"column":36}},"4":{"start":{"line":10,"column":0},"end":{"line":10,"column":36}},"5":{"start":{"line":13,"column":0},"end":{"line":13,"column":38}},"6":{"start":{"line":16,"column":0},"end":{"line":16,"column":41}},"7":{"start":{"line":18,"column":0},"end":{"line":18,"column":24}}},"fnMap":{},"branchMap":{},"s":{"0":4,"1":4,"2":4,"3":4,"4":4,"5":4,"6":4,"7":4},"f":{},"b":{},"_coverageSchema":"1a1c01bbd47fc00a2c39e90264f33305004495a9","hash":"4705b88cd52ceb6ab5b616087ce44fa2301273e5"}
,"/home/msosa/Documents/ESPE/Pruebas/P1/proyecto/src/routes/pacientes.routes.js": {"path":"/home/msosa/Documents/ESPE/Pruebas/P1/proyecto/src/routes/pacientes.routes.js","statementMap":{"0":{"start":{"line":1,"column":16},"end":{"line":1,"column":34}},"1":{"start":{"line":2,"column":72},"end":{"line":2,"column":118}},"2":{"start":{"line":4,"column":15},"end":{"line":4,"column":31}},"3":{"start":{"line":7,"column":0},"end":{"line":7,"column":32}},"4":{"start":{"line":10,"column":0},"end":{"line":10,"column":32}},"5":{"start":{"line":13,"column":0},"end":{"line":13,"column":34}},"6":{"start":{"line":16,"column":0},"end":{"line":16,"column":37}},"7":{"start":{"line":18,"column":0},"end":{"line":18,"column":24}}},"fnMap":{},"branchMap":{},"s":{"0":4,"1":4,"2":4,"3":4,"4":4,"5":4,"6":4,"7":4},"f":{},"b":{},"_coverageSchema":"1a1c01bbd47fc00a2c39e90264f33305004495a9","hash":"b042d03910e0baef4ac547001d8ae38aafa858a5"}
}
