TN:
SF:src\app.js
FN:15,(anonymous_0)
FNF:1
FNH:1
FNDA:2,(anonymous_0)
DA:1,2
DA:2,2
DA:3,2
DA:5,2
DA:8,2
DA:11,2
DA:12,2
DA:15,2
DA:16,2
DA:20,2
LF:10
LH:10
BRF:0
BRH:0
end_of_record
TN:
SF:src\controllers\medicamentos.controller.js
FN:13,getAllMedicamentos
FN:18,addNewMedicamento
FN:45,updateMedicamento
FN:49,(anonymous_3)
FN:64,deleteMedicamento
FN:67,(anonymous_5)
FNF:6
FNH:6
FNDA:2,getAllMedicamentos
FNDA:5,addNewMedicamento
FNDA:3,updateMedicamento
FNDA:8,(anonymous_3)
FNDA:2,deleteMedicamento
FNDA:7,(anonymous_5)
DA:10,2
DA:14,2
DA:19,5
DA:22,5
DA:23,1
DA:27,4
DA:38,4
DA:41,4
DA:46,3
DA:47,3
DA:49,8
DA:50,3
DA:53,2
DA:54,2
DA:55,2
DA:56,2
DA:57,2
DA:58,2
DA:60,2
DA:65,2
DA:67,7
DA:68,2
DA:70,1
DA:72,1
DA:75,2
LF:25
LH:25
BRDA:22,0,0,1
BRDA:22,0,1,4
BRDA:22,1,0,5
BRDA:22,1,1,5
BRDA:22,1,2,4
BRDA:22,1,3,4
BRDA:22,1,4,4
BRDA:22,1,5,4
BRDA:50,2,0,1
BRDA:50,2,1,2
BRDA:53,3,0,1
BRDA:53,3,1,1
BRDA:54,4,0,1
BRDA:54,4,1,1
BRDA:55,5,0,1
BRDA:55,5,1,1
BRDA:56,6,0,1
BRDA:56,6,1,1
BRDA:57,7,0,0
BRDA:57,7,1,2
BRDA:58,8,0,0
BRDA:58,8,1,2
BRDA:68,9,0,1
BRDA:68,9,1,1
BRF:24
BRH:22
end_of_record
TN:
SF:src\controllers\pacientes.controller.js
FN:13,getAllPatients
FN:18,addnewPatient
FN:44,updatePatient
FN:48,(anonymous_3)
FN:62,deletePatient
FN:65,(anonymous_5)
FNF:6
FNH:6
FNDA:2,getAllPatients
FNDA:5,addnewPatient
FNDA:3,updatePatient
FNDA:8,(anonymous_3)
FNDA:2,deletePatient
FNDA:7,(anonymous_5)
DA:10,2
DA:14,2
DA:19,5
DA:22,5
DA:23,1
DA:27,4
DA:37,4
DA:40,4
DA:45,3
DA:46,3
DA:48,8
DA:49,3
DA:52,2
DA:53,2
DA:54,2
DA:55,2
DA:56,2
DA:58,2
DA:63,2
DA:65,7
DA:66,2
DA:68,1
DA:70,1
DA:73,2
LF:24
LH:24
BRDA:22,0,0,1
BRDA:22,0,1,4
BRDA:22,1,0,5
BRDA:22,1,1,5
BRDA:22,1,2,4
BRDA:22,1,3,4
BRDA:22,1,4,4
BRDA:49,2,0,1
BRDA:49,2,1,2
BRDA:52,3,0,1
BRDA:52,3,1,1
BRDA:53,4,0,1
BRDA:53,4,1,1
BRDA:54,5,0,1
BRDA:54,5,1,1
BRDA:55,6,0,0
BRDA:55,6,1,2
BRDA:56,7,0,1
BRDA:56,7,1,1
BRDA:66,8,0,1
BRDA:66,8,1,1
BRF:21
BRH:20
end_of_record
TN:
SF:src\routes\medicamentos.routes.js
FNF:0
FNH:0
DA:1,2
DA:2,2
DA:4,2
DA:7,2
DA:10,2
DA:13,2
DA:16,2
DA:18,2
LF:8
LH:8
BRF:0
BRH:0
end_of_record
TN:
SF:src\routes\pacientes.routes.js
FNF:0
FNH:0
DA:1,2
DA:2,2
DA:4,2
DA:7,2
DA:10,2
DA:13,2
DA:16,2
DA:18,2
LF:8
LH:8
BRF:0
BRH:0
end_of_record
