TN:
SF:src/app.js
FN:11,(anonymous_0)
FN:34,(anonymous_1)
FN:77,(anonymous_2)
FN:99,(anonymous_3)
FN:101,(anonymous_4)
FN:165,(anonymous_5)
FN:181,(anonymous_6)
FN:199,(anonymous_7)
FNF:8
FNH:2
FNDA:53,(anonymous_0)
FNDA:0,(anonymous_1)
FNDA:0,(anonymous_2)
FNDA:0,(anonymous_3)
FNDA:0,(anonymous_4)
FNDA:0,(anonymous_5)
FNDA:0,(anonymous_6)
FNDA:3,(anonymous_7)
DA:1,4
DA:2,4
DA:3,4
DA:4,4
DA:5,4
DA:6,4
DA:8,4
DA:11,4
DA:12,53
DA:13,53
DA:14,53
DA:15,53
DA:16,0
DA:18,53
DA:22,4
DA:25,4
DA:28,4
DA:29,4
DA:30,4
DA:31,4
DA:34,4
DA:35,0
DA:36,0
DA:37,0
DA:39,0
DA:72,0
DA:74,0
DA:76,0
DA:77,0
DA:78,0
DA:79,0
DA:80,0
DA:81,0
DA:82,0
DA:84,0
DA:85,0
DA:86,0
DA:92,0
DA:99,0
DA:101,0
DA:102,0
DA:103,0
DA:105,0
DA:110,0
DA:111,0
DA:112,0
DA:113,0
DA:115,0
DA:116,0
DA:117,0
DA:118,0
DA:120,0
DA:132,0
DA:133,0
DA:134,0
DA:136,0
DA:137,0
DA:138,0
DA:141,0
DA:152,0
DA:153,0
DA:156,0
DA:158,0
DA:161,0
DA:165,0
DA:166,0
DA:167,0
DA:169,0
DA:173,0
DA:181,4
DA:182,0
DA:183,0
DA:185,0
DA:186,0
DA:187,0
DA:188,0
DA:189,0
DA:191,0
DA:194,0
DA:199,4
DA:200,3
DA:204,4
LF:82
LH:24
BRDA:15,0,0,0
BRDA:15,0,1,53
BRDA:76,1,0,0
BRDA:76,1,1,0
BRDA:76,2,0,0
BRDA:76,2,1,0
BRDA:76,2,2,0
BRDA:79,3,0,0
BRDA:79,3,1,0
BRDA:84,4,0,0
BRDA:84,4,1,0
BRDA:115,5,0,0
BRDA:115,5,1,0
BRDA:116,6,0,0
BRDA:116,6,1,0
BRDA:118,7,0,0
BRDA:118,7,1,0
BRDA:123,8,0,0
BRDA:123,8,1,0
BRDA:127,9,0,0
BRDA:127,9,1,0
BRDA:136,10,0,0
BRDA:136,10,1,0
BRDA:147,11,0,0
BRDA:147,11,1,0
BRDA:152,12,0,0
BRDA:152,12,1,0
BRDA:186,13,0,0
BRDA:186,13,1,0
BRF:29
BRH:1
end_of_record
TN:
SF:src/controllers/doctores.controller.js
FN:15,getAllDoctors
FN:20,addNewDoctor
FN:31,(anonymous_2)
FN:56,updateDoctor
FN:60,(anonymous_4)
FN:67,(anonymous_5)
FN:86,deleteDoctor
FN:89,(anonymous_7)
FNF:8
FNH:8
FNDA:2,getAllDoctors
FNDA:6,addNewDoctor
FNDA:7,(anonymous_2)
FNDA:4,updateDoctor
FNDA:12,(anonymous_4)
FNDA:2,(anonymous_5)
FNDA:2,deleteDoctor
FNDA:4,(anonymous_7)
DA:12,4
DA:16,2
DA:21,6
DA:24,6
DA:25,1
DA:31,7
DA:32,1
DA:38,4
DA:49,4
DA:52,4
DA:57,4
DA:58,4
DA:60,12
DA:61,4
DA:62,1
DA:66,3
DA:67,2
DA:68,1
DA:75,2
DA:76,2
DA:77,2
DA:78,2
DA:79,2
DA:80,2
DA:82,2
DA:87,2
DA:89,4
DA:90,2
DA:91,1
DA:94,1
DA:95,1
DA:98,4
LF:32
LH:32
BRDA:24,0,0,1
BRDA:24,0,1,5
BRDA:24,1,0,6
BRDA:24,1,1,6
BRDA:24,1,2,6
BRDA:24,1,3,5
BRDA:24,1,4,5
BRDA:24,1,5,5
BRDA:31,2,0,1
BRDA:31,2,1,4
BRDA:61,3,0,1
BRDA:61,3,1,3
BRDA:66,4,0,1
BRDA:66,4,1,2
BRDA:66,5,0,3
BRDA:66,5,1,2
BRDA:67,6,0,1
BRDA:67,6,1,0
BRDA:67,7,0,2
BRDA:67,7,1,1
BRDA:75,8,0,1
BRDA:75,8,1,1
BRDA:76,9,0,0
BRDA:76,9,1,2
BRDA:77,10,0,1
BRDA:77,10,1,1
BRDA:78,11,0,1
BRDA:78,11,1,1
BRDA:79,12,0,0
BRDA:79,12,1,2
BRDA:80,13,0,1
BRDA:80,13,1,1
BRDA:90,14,0,1
BRDA:90,14,1,1
BRF:34
BRH:31
end_of_record
TN:
SF:src/controllers/especialidades.controller.js
FN:6,getAllSpecialties
FN:11,addnewSpecialty
FN:20,(anonymous_2)
FN:38,updateSpecialty
FN:42,(anonymous_4)
FN:56,deleteSpecialty
FN:59,(anonymous_6)
FNF:7
FNH:7
FNDA:2,getAllSpecialties
FNDA:6,addnewSpecialty
FNDA:8,(anonymous_2)
FNDA:2,updateSpecialty
FNDA:6,(anonymous_4)
FNDA:2,deleteSpecialty
FNDA:7,(anonymous_6)
DA:3,4
DA:7,2
DA:12,6
DA:15,6
DA:16,1
DA:20,8
DA:21,1
DA:25,4
DA:31,4
DA:34,4
DA:39,2
DA:40,2
DA:42,6
DA:43,2
DA:44,1
DA:47,1
DA:48,0
DA:51,1
DA:52,1
DA:57,2
DA:59,7
DA:60,2
DA:61,1
DA:64,1
DA:65,1
DA:68,4
LF:26
LH:25
BRDA:15,0,0,1
BRDA:15,0,1,5
BRDA:20,1,0,1
BRDA:20,1,1,4
BRDA:43,2,0,1
BRDA:43,2,1,1
BRDA:47,3,0,0
BRDA:47,3,1,1
BRDA:60,4,0,1
BRDA:60,4,1,1
BRF:10
BRH:9
end_of_record
TN:
SF:src/controllers/medicamentos.controller.js
FN:13,getAllMedicamentos
FN:18,addNewMedicamento
FN:45,updateMedicamento
FN:49,(anonymous_3)
FN:64,deleteMedicamento
FN:67,(anonymous_5)
FNF:6
FNH:6
FNDA:2,getAllMedicamentos
FNDA:5,addNewMedicamento
FNDA:3,updateMedicamento
FNDA:8,(anonymous_3)
FNDA:2,deleteMedicamento
FNDA:7,(anonymous_5)
DA:10,4
DA:14,2
DA:19,5
DA:22,5
DA:23,1
DA:27,4
DA:38,4
DA:41,4
DA:46,3
DA:47,3
DA:49,8
DA:50,3
DA:53,2
DA:54,2
DA:55,2
DA:56,2
DA:57,2
DA:58,2
DA:60,2
DA:65,2
DA:67,7
DA:68,2
DA:70,1
DA:72,1
DA:75,4
LF:25
LH:25
BRDA:22,0,0,1
BRDA:22,0,1,4
BRDA:22,1,0,5
BRDA:22,1,1,5
BRDA:22,1,2,4
BRDA:22,1,3,4
BRDA:22,1,4,4
BRDA:22,1,5,4
BRDA:50,2,0,1
BRDA:50,2,1,2
BRDA:53,3,0,1
BRDA:53,3,1,1
BRDA:54,4,0,1
BRDA:54,4,1,1
BRDA:55,5,0,1
BRDA:55,5,1,1
BRDA:56,6,0,1
BRDA:56,6,1,1
BRDA:57,7,0,0
BRDA:57,7,1,2
BRDA:58,8,0,0
BRDA:58,8,1,2
BRDA:68,9,0,1
BRDA:68,9,1,1
BRF:24
BRH:22
end_of_record
TN:
SF:src/controllers/pacientes.controller.js
FN:13,getAllPatients
FN:18,addnewPatient
FN:44,updatePatient
FN:48,(anonymous_3)
FN:62,deletePatient
FN:65,(anonymous_5)
FNF:6
FNH:6
FNDA:2,getAllPatients
FNDA:5,addnewPatient
FNDA:3,updatePatient
FNDA:8,(anonymous_3)
FNDA:2,deletePatient
FNDA:7,(anonymous_5)
DA:10,4
DA:14,2
DA:19,5
DA:22,5
DA:23,1
DA:27,4
DA:37,4
DA:40,4
DA:45,3
DA:46,3
DA:48,8
DA:49,3
DA:52,2
DA:53,2
DA:54,2
DA:55,2
DA:56,2
DA:58,2
DA:63,2
DA:65,7
DA:66,2
DA:68,1
DA:70,1
DA:73,4
LF:24
LH:24
BRDA:22,0,0,1
BRDA:22,0,1,4
BRDA:22,1,0,5
BRDA:22,1,1,5
BRDA:22,1,2,4
BRDA:22,1,3,4
BRDA:22,1,4,4
BRDA:49,2,0,1
BRDA:49,2,1,2
BRDA:52,3,0,1
BRDA:52,3,1,1
BRDA:53,4,0,1
BRDA:53,4,1,1
BRDA:54,5,0,1
BRDA:54,5,1,1
BRDA:55,6,0,0
BRDA:55,6,1,2
BRDA:56,7,0,1
BRDA:56,7,1,1
BRDA:66,8,0,1
BRDA:66,8,1,1
BRF:21
BRH:20
end_of_record
TN:
SF:src/routes/doctores.routes.js
FNF:0
FNH:0
DA:1,4
DA:2,4
DA:4,4
DA:7,4
DA:10,4
DA:13,4
DA:16,4
DA:18,4
LF:8
LH:8
BRF:0
BRH:0
end_of_record
TN:
SF:src/routes/especialidades.routes.js
FNF:0
FNH:0
DA:1,4
DA:3,4
DA:5,4
DA:12,4
DA:15,4
DA:18,4
DA:21,4
DA:23,4
LF:8
LH:8
BRF:0
BRH:0
end_of_record
TN:
SF:src/routes/medicamentos.routes.js
FNF:0
FNH:0
DA:1,4
DA:2,4
DA:4,4
DA:7,4
DA:10,4
DA:13,4
DA:16,4
DA:18,4
LF:8
LH:8
BRF:0
BRH:0
end_of_record
TN:
SF:src/routes/pacientes.routes.js
FNF:0
FNH:0
DA:1,4
DA:2,4
DA:4,4
DA:7,4
DA:10,4
DA:13,4
DA:16,4
DA:18,4
LF:8
LH:8
BRF:0
BRH:0
end_of_record
